TN:
SF:/home/jarrod/workspace/advanced-rest-client/vertical-tabs/vertical-tabs.html
FN:394,(anonymous_1)
FN:402,(anonymous_2)
FN:406,(anonymous_3)
FN:410,(anonymous_4)
FN:415,(anonymous_5)
FN:419,(anonymous_6)
FN:423,(anonymous_7)
FN:435,(anonymous_8)
FN:449,(anonymous_9)
FN:453,(anonymous_10)
FN:465,(anonymous_11)
FN:466,(anonymous_12)
FN:472,(anonymous_13)
FN:478,(anonymous_14)
FN:479,(anonymous_15)
FN:486,(anonymous_16)
FN:497,(anonymous_17)
FN:506,(anonymous_18)
FN:520,(anonymous_19)
FN:528,(anonymous_20)
FN:534,(anonymous_21)
FN:542,(anonymous_22)
FN:550,(anonymous_23)
FN:559,(anonymous_24)
FN:562,(anonymous_25)
FN:570,(anonymous_26)
FN:579,(anonymous_27)
FN:584,(anonymous_28)
FN:589,(anonymous_29)
FN:594,(anonymous_30)
FN:598,(anonymous_31)
FN:602,(anonymous_32)
FN:624,(anonymous_33)
FN:628,(anonymous_34)
FN:635,(anonymous_35)
FNF:35
FNH:26
FNDA:58,(anonymous_1)
FNDA:58,(anonymous_2)
FNDA:58,(anonymous_3)
FNDA:62,(anonymous_4)
FNDA:6,(anonymous_5)
FNDA:180,(anonymous_6)
FNDA:116,(anonymous_7)
FNDA:116,(anonymous_8)
FNDA:58,(anonymous_9)
FNDA:58,(anonymous_10)
FNDA:83,(anonymous_11)
FNDA:50,(anonymous_12)
FNDA:52,(anonymous_13)
FNDA:20,(anonymous_14)
FNDA:0,(anonymous_15)
FNDA:34,(anonymous_16)
FNDA:20,(anonymous_17)
FNDA:20,(anonymous_18)
FNDA:92,(anonymous_19)
FNDA:26,(anonymous_20)
FNDA:52,(anonymous_21)
FNDA:2,(anonymous_22)
FNDA:50,(anonymous_23)
FNDA:0,(anonymous_24)
FNDA:0,(anonymous_25)
FNDA:0,(anonymous_26)
FNDA:0,(anonymous_27)
FNDA:0,(anonymous_28)
FNDA:0,(anonymous_29)
FNDA:0,(anonymous_30)
FNDA:0,(anonymous_31)
FNDA:102,(anonymous_32)
FNDA:78,(anonymous_33)
FNDA:102,(anonymous_34)
FNDA:8,(anonymous_35)
DA:247,4
DA:395,58
DA:396,58
DA:397,58
DA:398,58
DA:399,58
DA:403,58
DA:407,58
DA:411,62
DA:412,62
DA:416,6
DA:420,180
DA:424,116
DA:425,116
DA:428,0
DA:429,0
DA:432,0
DA:436,116
DA:437,116
DA:440,0
DA:442,0
DA:443,0
DA:446,0
DA:450,58
DA:454,58
DA:455,0
DA:456,58
DA:457,0
DA:460,58
DA:466,83
DA:467,50
DA:468,50
DA:473,52
DA:474,52
DA:475,52
DA:479,20
DA:480,0
DA:481,0
DA:489,34
DA:491,34
DA:498,20
DA:499,20
DA:507,20
DA:508,20
DA:509,20
DA:510,20
DA:521,92
DA:522,0
DA:523,0
DA:524,0
DA:529,26
DA:530,20
DA:537,52
DA:538,0
DA:543,2
DA:551,50
DA:552,50
DA:555,0
DA:556,0
DA:562,0
DA:563,0
DA:564,0
DA:565,0
DA:571,0
DA:573,0
DA:575,0
DA:576,0
DA:580,0
DA:581,0
DA:585,0
DA:586,0
DA:590,0
DA:591,0
DA:595,0
DA:599,0
DA:603,102
DA:605,24
DA:606,24
DA:607,24
DA:608,24
DA:610,78
DA:611,78
DA:612,78
DA:613,0
DA:614,0
DA:615,0
DA:616,0
DA:620,78
DA:621,78
DA:625,78
DA:629,102
DA:630,102
DA:636,8
DA:637,8
DA:638,8
DA:639,8
DA:640,0
DA:641,0
LF:98
LH:59
BRDA:412,1,0,2
BRDA:412,1,1,60
BRDA:424,2,0,116
BRDA:424,2,1,0
BRDA:424,3,0,116
BRDA:424,3,1,0
BRDA:428,4,0,0
BRDA:428,4,1,0
BRDA:436,5,0,116
BRDA:436,5,1,0
BRDA:436,6,0,116
BRDA:436,6,1,0
BRDA:442,7,0,0
BRDA:442,7,1,0
BRDA:450,8,0,0
BRDA:450,8,1,58
BRDA:450,9,0,0
BRDA:450,9,1,0
BRDA:454,10,0,0
BRDA:454,10,1,58
BRDA:456,11,0,0
BRDA:456,11,1,58
BRDA:521,12,0,0
BRDA:521,12,1,92
BRDA:529,13,0,20
BRDA:529,13,1,6
BRDA:537,14,0,0
BRDA:537,14,1,52
BRDA:551,15,0,50
BRDA:551,15,1,0
BRDA:555,16,0,0
BRDA:555,16,1,0
BRDA:555,16,2,0
BRDA:563,17,0,0
BRDA:563,17,1,0
BRDA:603,18,0,24
BRDA:603,18,1,78
BRDA:612,19,0,0
BRDA:612,19,1,78
BRDA:629,20,0,102
BRDA:629,20,1,61
BRDA:637,21,0,8
BRDA:637,21,1,0
BRDA:640,22,0,0
BRDA:640,22,1,0
BRF:45
BRH:20
end_of_record
